This is pdfTeX, Version 3.14159265-2.6-1.40.19 (MiKTeX 2.9.6630 64-bit) (preloaded format=pdflatex 2018.6.12)  8 AUG 2020 16:07
entering extended mode
**./final_report.tex
(final_report.tex
LaTeX2e <2017-04-15>
Babel <3.18> and hyphenation patterns for 75 language(s) loaded.
("D:\program files\MiKTeX 2.9\tex\latex\base\article.cls"
Document Class: article 2014/09/29 v1.4h Standard LaTeX document class
("D:\program files\MiKTeX 2.9\tex\latex\base\size10.clo"
File: size10.clo 2014/09/29 v1.4h Standard LaTeX file (size option)
)
\c@part=\count79
\c@section=\count80
\c@subsection=\count81
\c@subsubsection=\count82
\c@paragraph=\count83
\c@subparagraph=\count84
\c@figure=\count85
\c@table=\count86
\abovecaptionskip=\skip41
\belowcaptionskip=\skip42
\bibindent=\dimen102
) (aaai20.sty
Conference Style for AAAI for LaTeX 2e -- version for the AAAI-20 conference
\titlebox=\skip43
) ("D:\program files\MiKTeX 2.9\tex\latex\psnfss\times.sty"
Package: times 2005/04/12 PSNFSS-v9.2a (SPQR) 
)
("D:\program files\MiKTeX 2.9\tex\latex\psnfss\helvet.sty"
Package: helvet 2005/04/12 PSNFSS-v9.2a (WaS) 

("D:\program files\MiKTeX 2.9\tex\latex\graphics\keyval.sty"
Package: keyval 2014/10/28 v1.15 key=value parser (DPC)
\KV@toks@=\toks14
))
("D:\program files\MiKTeX 2.9\tex\latex\psnfss\courier.sty"
Package: courier 2005/04/12 PSNFSS-v9.2a (WaS) 
)
("D:\program files\MiKTeX 2.9\tex\latex\url\url.sty"
\Urlmuskip=\muskip10
Package: url 2013/09/16  ver 3.4  Verb mode for urls, etc.
)
("D:\program files\MiKTeX 2.9\tex\latex\graphics\graphicx.sty"
Package: graphicx 2017/06/01 v1.1a Enhanced LaTeX Graphics (DPC,SPQR)

("D:\program files\MiKTeX 2.9\tex\latex\graphics\graphics.sty"
Package: graphics 2017/06/25 v1.2c Standard LaTeX Graphics (DPC,SPQR)

("D:\program files\MiKTeX 2.9\tex\latex\graphics\trig.sty"
Package: trig 2016/01/03 v1.10 sin cos tan (DPC)
)
("D:\program files\MiKTeX 2.9\tex\latex\graphics-cfg\graphics.cfg"
File: graphics.cfg 2016/06/04 v1.11 sample graphics configuration
)
Package graphics Info: Driver file: pdftex.def on input line 99.

("D:\program files\MiKTeX 2.9\tex\latex\graphics-def\pdftex.def"
File: pdftex.def 2018/01/08 v1.0l Graphics/color driver for pdftex
))
\Gin@req@height=\dimen103
\Gin@req@width=\dimen104
)
("D:\program files\MiKTeX 2.9\tex\latex\float\float.sty"
Package: float 2001/11/08 v1.3d Float enhancements (AL)
\c@float@type=\count87
\float@exts=\toks15
\float@box=\box26
\@float@everytoks=\toks16
\@floatcapt=\box27
)
("D:\program files\MiKTeX 2.9\tex\latex\hyperref\hyperref.sty"
Package: hyperref 2018/02/06 v6.86b Hypertext links for LaTeX

("D:\program files\MiKTeX 2.9\tex\generic\oberdiek\hobsub-hyperref.sty"
Package: hobsub-hyperref 2016/05/16 v1.14 Bundle oberdiek, subset hyperref (HO)


("D:\program files\MiKTeX 2.9\tex\generic\oberdiek\hobsub-generic.sty"
Package: hobsub-generic 2016/05/16 v1.14 Bundle oberdiek, subset generic (HO)
Package: hobsub 2016/05/16 v1.14 Construct package bundles (HO)
Package: infwarerr 2016/05/16 v1.4 Providing info/warning/error messages (HO)
Package: ltxcmds 2016/05/16 v1.23 LaTeX kernel commands for general use (HO)
Package: ifluatex 2016/05/16 v1.4 Provides the ifluatex switch (HO)
Package ifluatex Info: LuaTeX not detected.
Package: ifvtex 2016/05/16 v1.6 Detect VTeX and its facilities (HO)
Package ifvtex Info: VTeX not detected.
Package: intcalc 2016/05/16 v1.2 Expandable calculations with integers (HO)
Package: ifpdf 2017/03/15 v3.2 Provides the ifpdf switch
Package: etexcmds 2016/05/16 v1.6 Avoid name clashes with e-TeX commands (HO)
Package etexcmds Info: Could not find \expanded.
(etexcmds)             That can mean that you are not using pdfTeX 1.50 or
(etexcmds)             that some package has redefined \expanded.
(etexcmds)             In the latter case, load this package earlier.
Package: kvsetkeys 2016/05/16 v1.17 Key value parser (HO)
Package: kvdefinekeys 2016/05/16 v1.4 Define keys (HO)
Package: pdftexcmds 2018/01/21 v0.26 Utility functions of pdfTeX for LuaTeX (HO
)
Package pdftexcmds Info: LuaTeX not detected.
Package pdftexcmds Info: \pdf@primitive is available.
Package pdftexcmds Info: \pdf@ifprimitive is available.
Package pdftexcmds Info: \pdfdraftmode found.
Package: pdfescape 2016/05/16 v1.14 Implements pdfTeX's escape features (HO)
Package: bigintcalc 2016/05/16 v1.4 Expandable calculations on big integers (HO
)
Package: bitset 2016/05/16 v1.2 Handle bit-vector datatype (HO)
Package: uniquecounter 2016/05/16 v1.3 Provide unlimited unique counter (HO)
)
Package hobsub Info: Skipping package `hobsub' (already loaded).
Package: letltxmacro 2016/05/16 v1.5 Let assignment for LaTeX macros (HO)
Package: hopatch 2016/05/16 v1.3 Wrapper for package hooks (HO)
Package: xcolor-patch 2016/05/16 xcolor patch
Package: atveryend 2016/05/16 v1.9 Hooks at the very end of document (HO)
Package atveryend Info: \enddocument detected (standard20110627).
Package: atbegshi 2016/06/09 v1.18 At begin shipout hook (HO)
Package: refcount 2016/05/16 v3.5 Data extraction from label references (HO)
Package: hycolor 2016/05/16 v1.8 Color options for hyperref/bookmark (HO)
)
("D:\program files\MiKTeX 2.9\tex\generic\ifxetex\ifxetex.sty"
Package: ifxetex 2010/09/12 v0.6 Provides ifxetex conditional
)
("D:\program files\MiKTeX 2.9\tex\latex\oberdiek\auxhook.sty"
Package: auxhook 2016/05/16 v1.4 Hooks for auxiliary files (HO)
)
("D:\program files\MiKTeX 2.9\tex\latex\oberdiek\kvoptions.sty"
Package: kvoptions 2016/05/16 v3.12 Key value format for package options (HO)
)
\@linkdim=\dimen105
\Hy@linkcounter=\count88
\Hy@pagecounter=\count89

("D:\program files\MiKTeX 2.9\tex\latex\hyperref\pd1enc.def"
File: pd1enc.def 2018/02/06 v6.86b Hyperref: PDFDocEncoding definition (HO)
)
\Hy@SavedSpaceFactor=\count90

("D:\program files\MiKTeX 2.9\tex\latex\00miktex\hyperref.cfg"
File: hyperref.cfg 2002/06/06 v1.2 hyperref configuration of TeXLive
)
Package hyperref Info: Hyper figures OFF on input line 4509.
Package hyperref Info: Link nesting OFF on input line 4514.
Package hyperref Info: Hyper index ON on input line 4517.
Package hyperref Info: Plain pages OFF on input line 4524.
Package hyperref Info: Backreferencing OFF on input line 4529.
Package hyperref Info: Implicit mode ON; LaTeX internals redefined.
Package hyperref Info: Bookmarks ON on input line 4762.
\c@Hy@tempcnt=\count91
LaTeX Info: Redefining \url on input line 5115.
\XeTeXLinkMargin=\dimen106
\Fld@menulength=\count92
\Field@Width=\dimen107
\Fld@charsize=\dimen108
Package hyperref Info: Hyper figures OFF on input line 6369.
Package hyperref Info: Link nesting OFF on input line 6374.
Package hyperref Info: Hyper index ON on input line 6377.
Package hyperref Info: backreferencing OFF on input line 6384.
Package hyperref Info: Link coloring OFF on input line 6389.
Package hyperref Info: Link coloring with OCG OFF on input line 6394.
Package hyperref Info: PDF/A mode OFF on input line 6399.
LaTeX Info: Redefining \ref on input line 6439.
LaTeX Info: Redefining \pageref on input line 6443.
\Hy@abspage=\count93
\c@Item=\count94
\c@Hfootnote=\count95
)
Package hyperref Info: Driver (autodetected): hpdftex.

("D:\program files\MiKTeX 2.9\tex\latex\hyperref\hpdftex.def"
File: hpdftex.def 2018/02/06 v6.86b Hyperref driver for pdfTeX
\Fld@listcount=\count96
\c@bookmark@seq@number=\count97

("D:\program files\MiKTeX 2.9\tex\latex\oberdiek\rerunfilecheck.sty"
Package: rerunfilecheck 2016/05/16 v1.8 Rerun checks for auxiliary files (HO)
Package uniquecounter Info: New unique counter `rerunfilecheck' on input line 2
82.
)
\Hy@SectionHShift=\skip44
)
("D:\program files\MiKTeX 2.9\tex\latex\subfigure\subfigure.sty"
Package: subfigure 2002/07/30 v2.1.4 subfigure package
\subfigtopskip=\skip45
\subfigcapskip=\skip46
\subfigcaptopadj=\dimen109
\subfigbottomskip=\skip47
\subfigcapmargin=\dimen110
\subfiglabelskip=\skip48
\c@subfigure=\count98
\c@lofdepth=\count99
\c@subtable=\count100
\c@lotdepth=\count101

****************************************
* Local config file subfigure.cfg used *
****************************************
("D:\program files\MiKTeX 2.9\tex\latex\subfigure\subfigure.cfg")
\subfig@top=\skip49
\subfig@bottom=\skip50
)
(final_report.aux

LaTeX Warning: Label `fig:bdt_roc' multiply defined.

)
\openout1 = `final_report.aux'.

LaTeX Font Info:    Checking defaults for OML/cmm/m/it on input line 18.
LaTeX Font Info:    ... okay on input line 18.
LaTeX Font Info:    Checking defaults for T1/cmr/m/n on input line 18.
LaTeX Font Info:    ... okay on input line 18.
LaTeX Font Info:    Checking defaults for OT1/cmr/m/n on input line 18.
LaTeX Font Info:    ... okay on input line 18.
LaTeX Font Info:    Checking defaults for OMS/cmsy/m/n on input line 18.
LaTeX Font Info:    ... okay on input line 18.
LaTeX Font Info:    Checking defaults for OMX/cmex/m/n on input line 18.
LaTeX Font Info:    ... okay on input line 18.
LaTeX Font Info:    Checking defaults for U/cmr/m/n on input line 18.
LaTeX Font Info:    ... okay on input line 18.
LaTeX Font Info:    Checking defaults for PD1/pdf/m/n on input line 18.
LaTeX Font Info:    ... okay on input line 18.
LaTeX Font Info:    Try loading font information for OT1+ptm on input line 18.
 ("D:\program files\MiKTeX 2.9\tex\latex\psnfss\ot1ptm.fd"
File: ot1ptm.fd 2001/06/04 font definitions for OT1/ptm.
)
("D:\program files\MiKTeX 2.9\tex\context\base\supp-pdf.mkii"
[Loading MPS to PDF converter (version 2006.09.02).]
\scratchcounter=\count102
\scratchdimen=\dimen111
\scratchbox=\box28
\nofMPsegments=\count103
\nofMParguments=\count104
\everyMPshowfont=\toks17
\MPscratchCnt=\count105
\MPscratchDim=\dimen112
\MPnumerator=\count106
\makeMPintoPDFobject=\count107
\everyMPtoPDFconversion=\toks18
) ("D:\program files\MiKTeX 2.9\tex\latex\oberdiek\epstopdf-base.sty"
Package: epstopdf-base 2016/05/15 v2.6 Base part for package epstopdf

("D:\program files\MiKTeX 2.9\tex\latex\oberdiek\grfext.sty"
Package: grfext 2016/05/16 v1.2 Manage graphics extensions (HO)
)
Package epstopdf-base Info: Redefining graphics rule for `.eps' on input line 4
38.
Package grfext Info: Graphics extension search list:
(grfext)             [.pdf,.png,.jpg,.mps,.jpeg,.jbig2,.jb2,.PDF,.PNG,.JPG,.JPE
G,.JBIG2,.JB2,.eps]
(grfext)             \AppendGraphicsExtensions on input line 456.
)
\AtBeginShipoutBox=\box29
Package hyperref Info: Link coloring OFF on input line 18.

("D:\program files\MiKTeX 2.9\tex\latex\hyperref\nameref.sty"
Package: nameref 2016/05/21 v2.44 Cross-referencing by name of section

("D:\program files\MiKTeX 2.9\tex\generic\oberdiek\gettitlestring.sty"
Package: gettitlestring 2016/05/16 v1.5 Cleanup title references (HO)
)
\c@section@level=\count108
)
LaTeX Info: Redefining \ref on input line 18.
LaTeX Info: Redefining \pageref on input line 18.
LaTeX Info: Redefining \nameref on input line 18.

(final_report.out) (final_report.out)
\@outlinefile=\write3
\openout3 = `final_report.out'.

LaTeX Font Info:    Font shape `OT1/ptm/bx/n' in size <14.4> not available
(Font)              Font shape `OT1/ptm/b/n' tried instead on input line 28.
LaTeX Font Info:    External font `cmex10' loaded for size
(Font)              <7> on input line 28.
LaTeX Font Info:    External font `cmex10' loaded for size
(Font)              <5> on input line 28.
LaTeX Font Info:    Font shape `OT1/ptm/bx/n' in size <12> not available
(Font)              Font shape `OT1/ptm/b/n' tried instead on input line 28.
LaTeX Font Info:    Try loading font information for OMS+ptm on input line 28.

("D:\program files\MiKTeX 2.9\tex\latex\psnfss\omsptm.fd"
File: omsptm.fd 
)
LaTeX Font Info:    Font shape `OMS/ptm/m/n' in size <10> not available
(Font)              Font shape `OMS/cmsy/m/n' tried instead on input line 28.
LaTeX Font Info:    Font shape `OMS/ptm/m/n' in size <9> not available
(Font)              Font shape `OMS/cmsy/m/n' tried instead on input line 28.

Underfull \hbox (badness 1565) in paragraph at lines 33--34
\OT1/ptm/m/n/10 In 2019, an av-er-age of 15 mil-lion people---per fi-nals
 []


Underfull \hbox (badness 1052) in paragraph at lines 33--34
\OT1/ptm/m/n/10 ( []Amoros 2016[]). Peo-ple from all over the world en-joy
 []


Underfull \hbox (badness 1454) in paragraph at lines 33--34
\OT1/ptm/m/n/10 fea-tures. With high vari-ance in team com-po-si-tion and
 []


Underfull \hbox (badness 10000) in paragraph at lines 33--34

 []


Underfull \hbox (badness 1694) in paragraph at lines 41--42
[]\OT1/ptm/m/n/10 Evaluated the per-for-mance of Neu-ral Net-works and
 []

Missing character: There is no √ in font ptmr7t!
Missing character: There is no ≠ in font ptmr7t!
[1{C:/Users/samma/AppData/Local/MiKTeX/2.9/pdftex/config/pdftex.map}



]
LaTeX Font Info:    Font shape `OT1/ptm/bx/n' in size <10.95> not available
(Font)              Font shape `OT1/ptm/b/n' tried instead on input line 56.

Underfull \hbox (badness 5245) in paragraph at lines 58--61
\OT1/ptm/m/n/10 team from []https://www.basketball-reference.com[], us-ing
 []


Underfull \hbox (badness 1215) in paragraph at lines 58--61
\OT1/ptm/m/n/10 an HTML scraper ap-pli-ca-tion. Thanks to the work of
 []


Underfull \hbox (badness 1314) in paragraph at lines 58--61
\OT1/ptm/m/n/10 a python ap-pli-ca-tion which de-ter-mines the win-ners of
 []


Underfull \hbox (badness 10000) in paragraph at lines 58--61

 []


Underfull \hbox (badness 10000) in paragraph at lines 58--61

 []


Underfull \hbox (badness 1558) in paragraph at lines 58--61
\OT1/ptm/m/n/10 It is gen-er-ally rea-son-able to con-sider the out-come of
 []


Underfull \hbox (badness 1043) in paragraph at lines 58--61
\OT1/ptm/m/n/10 set. For this anal-y-sis, Macpher-son will write a sim-ple
 []


Underfull \vbox (badness 10000) has occurred while \output is active []

 [2]
Missing character: There is no ‚ in font ptmr7t!
Missing character: There is no Ä in font ptmr7t!
Missing character: There is no ú in font ptmr7t!
Missing character: There is no ‚ in font ptmr7t!
Missing character: There is no Ä in font ptmr7t!
Missing character: There is no ù in font ptmr7t!
Missing character: There is no ‚ in font ptmr7t!
Missing character: There is no Ä in font ptmr7t!
Missing character: There is no ú in font ptmr7t!
Missing character: There is no ‚ in font ptmr7t!
Missing character: There is no Ä in font ptmr7t!
Missing character: There is no ù in font ptmr7t!

Underfull \hbox (badness 1107) in paragraph at lines 64--67
\OT1/ptm/m/n/10 an ar-ti-fi-cial neu-ral net-work (NN). The BDT al-go-rithm
 []


Underfull \hbox (badness 10000) in paragraph at lines 64--67

 []


Underfull \hbox (badness 1769) in paragraph at lines 64--67
\OT1/ptm/m/n/10 In re-gards to the im-ple-men-ta-tion of these al-go-rithms,
 []


Underfull \hbox (badness 10000) in paragraph at lines 74--76

 []

<images/BDT_ROC.png, id=85, 387.4475pt x 279.0425pt>
File: images/BDT_ROC.png Graphic file (type png)
<use images/BDT_ROC.png>
Package pdftex.def Info: images/BDT_ROC.png  used on input line 90.
(pdftex.def)             Requested size: 202.3529pt x 145.73735pt.
<images/NN_ROC.png, id=87, 387.4475pt x 279.0425pt>
File: images/NN_ROC.png Graphic file (type png)
<use images/NN_ROC.png>
Package pdftex.def Info: images/NN_ROC.png  used on input line 95.
(pdftex.def)             Requested size: 202.3529pt x 145.73735pt.

Underfull \vbox (badness 10000) has occurred while \output is active []

 [3]
<images/BDT_prediction_probabilities.png, id=92, 383.4325pt x 279.0425pt>
File: images/BDT_prediction_probabilities.png Graphic file (type png)
<use images/BDT_prediction_probabilities.png>
Package pdftex.def Info: images/BDT_prediction_probabilities.png  used on input
 line 101.
(pdftex.def)             Requested size: 177.06458pt x 128.85927pt.
<images/NN_prediction_probabilities.png, id=93, 393.47pt x 279.0425pt>
File: images/NN_prediction_probabilities.png Graphic file (type png)
<use images/NN_prediction_probabilities.png>
Package pdftex.def Info: images/NN_prediction_probabilities.png  used on input 
line 106.
(pdftex.def)             Requested size: 177.06458pt x 125.56795pt.

Underfull \hbox (badness 10000) in paragraph at lines 113--118

 []


Underfull \hbox (badness 10000) in paragraph at lines 113--118

 []


Underfull \hbox (badness 1028) in paragraph at lines 113--118
\OT1/ptm/m/n/10 With the dataset that was col-lected, the NN seems to
 []


Underfull \hbox (badness 10000) in paragraph at lines 113--118

 []


Underfull \hbox (badness 2608) in paragraph at lines 113--118
\OT1/ptm/m/n/10 An in-ter-est-ing dif-fer-ence be-tween the two mod-els is
 []


Underfull \hbox (badness 3168) in paragraph at lines 113--118
\OT1/ptm/m/n/10 the Pre-dicted Prob-a-bil-i-ties dis-tri-bu-tion chart for both

 []


Underfull \hbox (badness 10000) in paragraph at lines 113--118

 []


Underfull \hbox (badness 2393) in paragraph at lines 113--118
\OT1/ptm/m/n/10 One of the some-what shock-ing dis-cov-er-ies we made
 []


Underfull \hbox (badness 3679) in paragraph at lines 113--118
\OT1/ptm/m/n/10 per-formed in com-par-i-son to our con-tem-po-raries. We
 []

[4 <./images/BDT_ROC.png> <./images/NN_ROC.png> <./images/BDT_prediction_probab
ilities.png> <./images/NN_prediction_probabilities.png>]
Underfull \hbox (badness 10000) in paragraph at lines 123--127

 []


Underfull \hbox (badness 3872) in paragraph at lines 123--127
\OT1/ptm/m/n/10 The first ques-tion this pa-per dis-cussed was that of
 []


Underfull \hbox (badness 10000) in paragraph at lines 123--127

 []


Underfull \hbox (badness 2469) in paragraph at lines 123--127
\OT1/ptm/m/n/10 The main ques-tion this pa-per ad-dresses is: ``what is
 []


Underfull \hbox (badness 1895) in paragraph at lines 123--127
\OT1/ptm/m/n/10 at dis-cov-er-ing and an-a-lyz-ing com-pli-cated re-la-tion-shi
ps
 []


Underfull \hbox (badness 10000) in paragraph at lines 123--127

 []


Underfull \hbox (badness 1990) in paragraph at lines 123--127
\OT1/ptm/m/n/10 also sig-nif-i-cantly out-per-form the mod-els pre-sented by
 []


Underfull \vbox (badness 10000) has occurred while \output is active []

 [5]
Underfull \hbox (badness 1033) in paragraph at lines 130--132
\OT1/ptm/m/n/10 met-rics are in-di-ca-tors of vic-tory/loss. In par-tic-u-lar, 
we
 []


Underfull \hbox (badness 1394) in paragraph at lines 130--132
\OT1/ptm/m/n/10 might in-cor-po-rate per-for-mance in-di-ca-tors from spe-cific

 []


Underfull \hbox (badness 1286) in paragraph at lines 130--132
\OT1/ptm/m/n/10 play-ers, es-pe-cially the play-ers who con-tribute most to
 []


Underfull \hbox (badness 1102) in paragraph at lines 130--132
\OT1/ptm/m/n/10 give fur-ther in-sight into ex-plain-ing who won. An-other
 []


Underfull \hbox (badness 1400) in paragraph at lines 130--132
\OT1/ptm/m/n/10 com-monly held be-lief that we would be in-ter-ested in
 []


Underfull \hbox (badness 10000) in paragraph at lines 130--132

 []


Underfull \hbox (badness 4303) in paragraph at lines 130--132
\OT1/ptm/m/n/10 Finally, it would be in-ter-est-ing to try in-cor-po-rat-ing
 []

[6] (final_report.bbl
Missing character: There is no √ in font ptmr7t!
Missing character: There is no ≠ in font ptmr7t!
Missing character: There is no √ in font ptmr7t!
Missing character: There is no ≠ in font ptmr7t!
Missing character: There is no √ in font ptmr7t!
Missing character: There is no ° in font ptmr7t!
Missing character: There is no √ in font ptmr7t!
Missing character: There is no ± in font ptmr7t!
Missing character: There is no ‚ in font ptmr7t!
Missing character: There is no Ä in font ptmr7t!
Missing character: There is no ì in font ptmr7t!
)
Package atveryend Info: Empty hook `BeforeClearDocument' on input line 138.
 [7

]
Package atveryend Info: Empty hook `AfterLastShipout' on input line 138.
 (final_report.aux)
Package atveryend Info: Executing hook `AtVeryEndDocument' on input line 138.
Package atveryend Info: Executing hook `AtEndAfterFileList' on input line 138.
Package rerunfilecheck Info: File `final_report.out' has not changed.
(rerunfilecheck)             Checksum: 16B32A16E544C38DE55DDAC02E09A86E;581.


LaTeX Warning: There were multiply-defined labels.

Package atveryend Info: Empty hook `AtVeryVeryEnd' on input line 138.
 ) 
Here is how much of TeX's memory you used:
 5397 strings out of 493305
 81111 string characters out of 3138874
 176463 words of memory out of 3000000
 8873 multiletter control sequences out of 15000+200000
 15148 words of font info for 30 fonts, out of 3000000 for 9000
 1141 hyphenation exceptions out of 8191
 28i,10n,28p,2673b,338s stack positions out of 5000i,500n,10000p,200000b,50000s
{D:/program files/MiKTeX 2.9/fonts/enc/dvips/base/8r.enc}<D:/program files/Mi
KTeX 2.9/fonts/type1/public/amsfonts/cm/cmmi10.pfb><D:/program files/MiKTeX 2.9
/fonts/type1/public/amsfonts/cm/cmmi7.pfb><D:/program files/MiKTeX 2.9/fonts/ty
pe1/public/amsfonts/cm/cmr10.pfb><D:/program files/MiKTeX 2.9/fonts/type1/publi
c/amsfonts/cm/cmr7.pfb><D:/program files/MiKTeX 2.9/fonts/type1/public/amsfonts
/cm/cmsy10.pfb><D:/program files/MiKTeX 2.9/fonts/type1/public/amsfonts/cm/cmsy
9.pfb><D:/program files/MiKTeX 2.9/fonts/type1/urw/times/utmb8a.pfb><D:/program
 files/MiKTeX 2.9/fonts/type1/urw/times/utmr8a.pfb><D:/program files/MiKTeX 2.9
/fonts/type1/urw/times/utmri8a.pfb>
Output written on final_report.pdf (7 pages, 155436 bytes).
PDF statistics:
 163 PDF objects out of 1000 (max. 8388607)
 32 named destinations out of 1000 (max. 500000)
 109 words of extra memory for PDF output out of 10000 (max. 10000000)

